ft_isalpha:    [OK] 
ft_isdigit:    [OK] 
ft_isalnum:    [OK] 
ft_isascii:    [OK] 
ft_isprint:    [OK] 
ft_strlen:     [OK] [OK] [OK] [OK] [OK] [OK] [OK] [OK] [OK] 
ft_memset:     [OK] [OK] [OK] [NO CRASH] [OK] [OK] [OK] 
[no crash]: your memset does not segfault when null parameter is sent !
Test code:
	ft_memset(((void *)0), 'a', 12);


ft_bzero:      [OK] [OK] [OK] [OK] 
ft_memcpy:     [OK] [OK] [OK] [OK] [OK] [OK] [OK] [OK] [OK] [OK] [CRASH] 
[crash]: your memcpy does not behave well with NULL as both params with size
Test code:
	ft_memcpy(((void *)0), ((void *)0), 3);


ft_memmove:    [OK] [OK] [OK] [OK] [OK] [OK] [OK] [OK] [OK] [OK] [OK] [OK] [OK] [OK] 
ft_strlcpy:    [OK] [OK] [OK] [OK] [OK] [OK] [OK] 
ft_strlcat:    [FAILED] [FAILED] [OK] [OK] [FAILED] [OK] [OK] [OK] [OK] [FAILED] [OK] [OK] 
[fail]: your strlcat does not work with basic input
Test code:
	print

	__builtin___strlcat_chk (buff1, str, max, __builtin_object_size (buff1, 2 > 1 ? 1 : 0));
	ft_strlcat(buff2, str, max);
	if (!strcmp(buff1, buff2))
		exit(TEST_SUCCESS);
	exit(TEST_FAILED);

Diffs:
     strlcat: |there is no stars in the sky|
  ft_strlcat: |there is no stars in the skythe cake is a lie !|

[fail]: your strlcat does not work with basic input
Test code:
	char *str = "the cake is a lie !\0I'm hidden lol\r\n";
	char buff1[0xF00] = "there is no stars in the sky";
	char buff2[0xF00] = "there is no stars in the sky";
	size_t max = strlen("the cake is a lie !\0I'm hidden lol\r\n") + 4;
	size_t r1 = __builtin___strlcat_chk (buff1, str, max, __builtin_object_size (buff1, 2 > 1 ? 1 : 0));
	size_t r2 = ft_strlcat(buff2, str, max);

	if (r1 != r2)
		exit(TEST_FAILED);
	char s1[4] = "";
	char s2[4] = "";
	r1 = __builtin___strlcat_chk (s1, "thx to ntoniolo for this test !", 4, __builtin_object_size (s1, 2 > 1 ? 1 : 0))
		;
	r2 = ft_strlcat(s2, "thx to ntoniolo for this test !", 4)
		;
	if (r1 != r2)
		exit(TEST_FAILED);
	exit(TEST_SUCCESS);

Diffs:
     strlcat: |42|
  ft_strlcat: |47|

[fail]: your strlcat does not work with a size of 0
Test code:
	char *str = "the cake is a lie !\0I'm hidden lol\r\n";
	char buff1[0xF00] = "there is no stars in the sky";
	char buff2[0xF00] = "there is no stars in the sky";
	size_t max = 0;

	__builtin___strlcat_chk (buff1, str, max, __builtin_object_size (buff1, 2 > 1 ? 1 : 0));
	ft_strlcat(buff2, str, max);
	if (!strcmp(buff1, buff2))
		exit(TEST_SUCCESS);
	exit(TEST_FAILED);

Diffs:
     strlcat: |there is no stars in the sky|
  ft_strlcat: |there is no stars in the skythe cake is a lie !|

[fail]: your strlcat return value is false
Test code:
	char *src = "aaa";
	char dst1[20];
	char dst2[20];
	int ret1;
	int ret2;

	__builtin___memset_chk (dst1, 'B', sizeof(dst1), __builtin_object_size (dst1, 0));
	__builtin___memset_chk (dst2, 'B', sizeof(dst2), __builtin_object_size (dst2, 0));
	__builtin___strlcat_chk (dst1, src, 20, __builtin_object_size (dst1, 2 > 1 ? 1 : 0));
	__builtin___strlcat_chk (dst1, src, 20, __builtin_object_size (dst1, 2 > 1 ? 1 : 0));
	ret1 = __builtin___strlcat_chk (dst1, src, 20, __builtin_object_size (dst1, 2 > 1 ? 1 : 0));
	ft_strlcat(dst2, src, 20);
	ft_strlcat(dst2, src, 20);
	ret2 = ft_strlcat(dst2, src, 20);
	if (ret1 == ret2)
		exit(TEST_SUCCESS);
	exit(TEST_FAILED);

Diffs:
     strlcat: |23|
  ft_strlcat: |30|

ft_toupper:    [OK] 
ft_tolower:    [OK] 
ft_strchr:     [OK] [OK] [OK] [OK] [OK] [OK] [OK] [OK] [OK] [OK] 
ft_strrchr:    [OK] [OK] [OK] [OK] [OK] [OK] [OK] [OK] 
ft_strncmp:    [OK] [OK] [OK] [OK] [OK] [OK] [OK] [OK] [OK] [OK] [OK] [OK] [OK] [OK] 
ft_memchr:     [OK] [OK] [OK] [OK] [OK] [OK] [OK] [NO CRASH] 
[no crash]: your memchr does not segfault when null param is sent
Test code:
	ft_memchr(((void *)0), '\0', 0x20);


ft_memcmp:     [OK] [OK] [OK] [OK] [OK] [OK] [OK] [OK] [OK] [OK] 
ft_strnstr:    [OK] [OK] [OK] [OK] [OK] [OK] [OK] [FAILED] [FAILED] [OK] [OK] [OK] [OK] [OK] 
[fail]: your strnstr does not work with empty strings
Test code:
	char *s1 = "oh no not the empty string !";
	char *s2 = "";
	size_t max = strlen(s1);
	char *i1 = strnstr(s1, s2, max);
	char *i2 = ft_strnstr(s1, s2, max);

	if (i1 == i2)
		exit(TEST_SUCCESS);
	exit(TEST_FAILED);

Diffs:
     strnstr: |oh no not the empty string !|
  ft_strnstr: |(null)|

[fail]: your strnstr does not work with empty strings and 0 length
Test code:
	char *s1 = "oh no not the empty string !";
	char *s2 = "";
	size_t max = 0;
	char *i1 = strnstr(s1, s2, max);
	char *i2 = ft_strnstr(s1, s2, max);

	if (i1 == i2)
		exit(TEST_SUCCESS);
	exit(TEST_FAILED);

Diffs:
     strnstr: |oh no not the empty string !|
  ft_strnstr: |(null)|

ft_atoi:       [OK] [OK] [OK] [OK] [FAILED] [OK] [OK] [OK] [OK] [OK] [OK] [OK] [OK] [OK] 
[fail]: your atoi is not working with blanks
Test code:
	char *n = "\t\v\f\r\n \f-06050";
	int i1 = atoi(n);
	int i2 = ft_atoi(n);

	if (i1 == i2)
		exit(TEST_SUCCESS);
	exit(TEST_FAILED);

Diffs:
        atoi: |-6050|
     ft_atoi: |0|

ft_calloc:     [OK] [OK] [OK] [OK] [OK] 
ft_strdup:     [OK] [OK] [OK] [OK] [OK] [OK] [OK] 
ft_substr:     [OK] [OK] [OK] [OK] [OK] [OK] [OK] [OK] [CRASH] 
[crash]: your substr does not work when start >= ft_strlen(s)
Test code:
	char *str = "01234";
	size_t size = 10;
	char *ret = ft_substr(str, 10, size);

	if (!strncmp(ret, "", 1))
	{
		free(ret);
		exit(TEST_SUCCESS);
	}
	free(ret);
	exit(TEST_FAILED);


ft_strjoin:    [OK] [OK] [OK] [OK] [OK] 
ft_strtrim:    [FAILED] [FAILED] [FAILED] [CRASH] [OK] [KO] [FAILED] [OK] [FAILED] 
[fail]: your strtrim does not work with basic input
Test code:
	char *s1 = "   \t  \n\n \t\t  \n\n\nHello \t  Please\n Trim me !\n   \n \n \t\t\n  ";
	char *s2 = "Hello \t  Please\n Trim me !";
	char *ret = ft_strtrim(s1, " \n\t");

	if (!strcmp(ret, s2))
		exit(TEST_SUCCESS);
	exit(TEST_FAILED);

Diffs:
     strtrim: |Hello 	  Please
 Trim me !|
  ft_strtrim: |Hello 	  Please
 Trim me |

[fail]: your strtrim does not work with basic input
Test code:
	char *s1 = "   \t  \n\n \t\t  \n\n\nHello \t  Please\n Trim me !";
	char *s2 = "Hello \t  Please\n Trim me !";
	char *ret = ft_strtrim(s1, " \n\t");

	if (!strcmp(ret, s2))
		exit(TEST_SUCCESS);
	exit(TEST_FAILED);

Diffs:
     strtrim: |Hello 	  Please
 Trim me !|
  ft_strtrim: |Hello 	  Please
 Trim me |

[fail]: your strtrim does not work with basic input
Test code:
	char *s1 = "Hello \t  Please\n Trim me !";
	char *s2 = "Hello \t  Please\n Trim me !";
	char *ret = ft_strtrim(s1, " \n\t");

	if (!strcmp(ret, s2))
		exit(TEST_SUCCESS);
	exit(TEST_FAILED);

Diffs:
     strtrim: |Hello 	  Please
 Trim me !|
  ft_strtrim: |Hello 	  Please
 Trim me |

[crash]: your strtrim does not work with full blank input
Test code:
	char *s1 = "  \t \t \n   \n\n\n\t";
	char *s2 = "";
	char *ret = ft_strtrim(s1, " \n\t");

	if (!strcmp(ret, s2))
		exit(TEST_SUCCESS);
	exit(TEST_FAILED);


[KO]: your strtrim did not allocate the good size so the \0 test may be false
Test code:
	char *s1 = "\t   \n\n\n  \n\n\t    Hello \t  Please\n Trim me !\t\t\t\n  \t\t\t\t  ";
	char *s2 = "Hello \t  Please\n Trim me !";
	int r_size = strlen(s2);
	int size;

	ft_strtrim(s1, " \n\t");
	size = get_last_malloc_size();
	if (size == r_size + 1)
		exit(TEST_SUCCESS);
	exit(TEST_KO);

Diffs:
     strtrim: |27|
  ft_strtrim: |26|

[fail]: your strtrim does not allocate memory
Test code:
	char *s1 = "   \t  \n\n \t\t  \n\n\nHello \t  Please\n Trim me !\n   \n \n \t\t\n  ";
	char *s2 = "Hello \t  Please\n Trim me !";
	char *ret = ft_strtrim(s1, " \n\t");

	if (!strcmp(ret, s2))
	{
		free(ret);
		exit(TEST_SUCCESS);
	}
	free(ret);
	exit(TEST_FAILED);

Diffs:
     strtrim: |Hello 	  Please
 Trim me !|
  ft_strtrim: |Hello 	  Please
 Trim me |

[fail]: your strtrim does not set \0 to the end of the string
Test code:
	char *s1 = "   \t  \n\n \t\t  \n\n\nHello \t  Please\n Trim me !\n   \n \n \t\t\n  ";
	char *s2 = "Hello \t  Please\n Trim me !";

	char *ret = ft_strtrim(s1, " \n\t");
	if (!strcmp(s2, ret))
	{
		free(ret);
		exit(TEST_SUCCESS);
	}
	free(ret);
	exit(TEST_FAILED);

Diffs:
     strtrim: |Hello 	  Please
 Trim me !|
  ft_strtrim: |Hello 	  Please
 Trim me |

ft_split:      [OK] [OK] [OK] [OK] [OK] [OK] [OK] [CRASH] [OK] [CRASH] 
[crash]: your split does not work with basic input
Test code:
	char *s = "split  ||this|for|me|||||!|";
	int i = 0;
	char **result = ft_split(s, '|');

	while (result[i])
	{
		if (strcmp(result[i], *expected))
		{
			exit(TEST_FAILED);
		}
		free(result[i]);
		i++;
		expected++;
	}
	free(result);
	exit(TEST_SUCCESS);


[crash]: your split does not work with basic input
Test code:
	char *s = "      split       this for   me  !       ";

	char **result = ft_split(s, ' ');
	while (*result)
	{
		if (strcmp(*result, *expected))
		{
			exit(TEST_FAILED);
		}
		result++;
		expected++;
	}
	exit(TEST_SUCCESS);


ft_itoa:       [OK] [OK] [OK] [OK] [OK] [OK] [OK] [OK] [OK] 
ft_strmapi:    [OK] [OK] [OK] [OK] [OK] 
ft_striteri:   [OK] [OK] 
ft_putchar_fd: [OK] [OK] 
ft_putstr_fd:  [OK] [OK] 
ft_putendl_fd: [OK] [OK] 
ft_putnbr_fd:  [OK] [OK] [OK] [OK] [OK] 
ft_lstnew:     [OK] [OK] [OK] [OK] 
ft_lstadd_front: [OK] [OK] [OK] 
ft_lstsize:    [OK] [OK] 
ft_lstlast:    [OK] [OK] 
ft_lstadd_back:[OK] [OK] [OK] 
ft_lstdelone:  [OK] 
ft_lstclear:   [OK] [OK] [OK] 
ft_lstiter:    [OK] 
ft_lstmap:     [OK] 
